Exporter version: 2.93.5, Blender version: 3.0.1
========= Conversion from Blender to Babylon.js =========
	Scene settings used :
		Inline textures     :  false
		Material Type       :  PBR
		Positions Precision :  4
		Normals Precision   :  3
		UVs Precision       :  3
		Vert Color Precision:  3
		Mat Weight Precision:  2
		Keep Z-up r-handed  :  no
		Texture directory   :  C:\Users\saade\OneDrive\Desktop\cours\SomeBabylonGame\models\LVL3\
	Python World class constructor completed
	WARNING: No active camera has been assigned, or is not in a currently enabled collection
	processing begun of mesh:  Door_Double.R
		processing begun of material:  Main
		processing begun of material:  Accent
		processing begun of material:  DarkAccent
		processing begun of material:  DarkGrey
		processing begun of material:  Black
		processing begun of multimaterial:  door.Multimaterial#0
		num positions      :  3726
		num normals        :  3726
		num tangents       :  0
		num uvs            :  0
		num uvs2           :  0
		num colors         :  0
		num triangles      :  1992
========= Writing of JSON file started =========
	writing mesh:  Door_Double.R
========= Writing of JSON file completed =========
========= end of processing =========
elapsed time:  0 min, 0.1805 secs
